{"name": "Тест авторизации: позитивный и негативный логин в одном потоке", "status": "failed", "statusDetails": {"message": "AssertionError: Locator expected to contain text 'Workspace'\nActual value: Message supplied by app.component.tsRetry The everything app for work.  Don't have an account? Sign up Welcome back! or Work Email  Password  Forgot Password?  Log In or login with SSO Help  Don't have an account? Sign up This site is protected by reCAPTCHA and the Google Privacy Policy and Terms of Service apply. ClickUp is best experienced using our mobile app.Our web app has features so BIG, they won't fit on a small screen.Open in free mobile appContinue on web anywayClickUp is best experienced using our mobile app.Our web app has features so BIG, they won't fit on a small screen.Open in free mobile appContinue on web anyway \nCall log:\n  - LocatorAssertions.to_contain_text with timeout 5000ms\n  - waiting for locator(\"body\")\n    4 × locator resolved to <body data-app-version=\"2\" data-build-version=\"3.82.0\" class=\"cu-os-win cu-purple\" data-build-time=\"2025-06-11T21:11:23.909Z\" data-git-sha=\"90b65bb06f076abab4e91bd4fde0fc50e65ef089\">…</body>\n      - unexpected value \"Message supplied by app.component.tsRetry The everything app for work.  Don't have an account? Sign up Welcome back! or Work Email  Password  Forgot Password?  Log In or login with SSO Help  Don't have an account? Sign up This site is protected by reCAPTCHA and the Google Privacy Policy and Terms of Service apply. ClickUp is best experienced using our mobile app.Our web app has features so BIG, they won't fit on a small screen.Open in free mobile appContinue on web anywayClickUp is best experienced using our mobile app.Our web app has features so BIG, they won't fit on a small screen.Open in free mobile appContinue on web anyway\"\n    3 × locator resolved to <body data-app-version=\"2\" data-build-version=\"3.82.0\" class=\"cu-os-win cu-purple dark-theme\" data-build-time=\"2025-06-11T21:11:23.909Z\" data-git-sha=\"90b65bb06f076abab4e91bd4fde0fc50e65ef089\">…</body>\n      - unexpected value \"Message supplied by app.component.tsRetry The everything app for work.  Don't have an account? Sign up Welcome back! or Work Email  Password  Forgot Password?  Log In or login with SSO Help  Don't have an account? Sign up This site is protected by reCAPTCHA and the Google Privacy Policy and Terms of Service apply. ClickUp is best experienced using our mobile app.Our web app has features so BIG, they won't fit on a small screen.Open in free mobile appContinue on web anywayClickUp is best experienced using our mobile app.Our web app has features so BIG, they won't fit on a small screen.Open in free mobile appContinue on web anyway\"", "trace": "page = <Page url='https://app.clickup.com/login'>\n\n    @allure.feature(\"UI: Авторизация\")\n    @allure.title(\"Тест авторизации: позитивный и негативный логин в одном потоке\")\n    @allure.description(\"Логинимся с валидными данными → проверяем вход → затем пробуем невалидные данные → получаем ошибку\")\n    def test_authorization_flow(page):\n        # === Setup ===\n        with allure.step(\"Setup: Открываем браузер и создаём страницу логина\"):\n            login_page = LoginPage(page)\n    \n        # === Test Body ===\n        with allure.step(\"Позитивный логин — входим с валидными данными\"):\n>           login_page.login()\n\ntest_login_page.py:15: \n_ _ _ _ _ _ _ _ _ _ _ _ _ _ _ _ _ _ _ _ _ _ _ _ _ _ _ _ _ _ _ _ _ _ _ _ _ _ _ _\n..\\..\\pages\\login_page.py:23: in login\n    self.assert_text_present_on_page(\"Workspace\")  # или Products, или что видно после входа\n_ _ _ _ _ _ _ _ _ _ _ _ _ _ _ _ _ _ _ _ _ _ _ _ _ _ _ _ _ _ _ _ _ _ _ _ _ _ _ _\n\nself = <pages.login_page.LoginPage object at 0x000001975D94FD30>\ntext = 'Workspace'\n\n    @allure.step(\"Проверка: текст присутствует на странице в body\")\n    def assert_text_present_on_page(self, text):\n>       expect(self.page.locator(\"body\")).to_contain_text(text)\nE       AssertionError: Locator expected to contain text 'Workspace'\nE       Actual value: Message supplied by app.component.tsRetry The everything app for work.  Don't have an account? Sign up Welcome back! or Work Email  Password  Forgot Password?  Log In or login with SSO Help  Don't have an account? Sign up This site is protected by reCAPTCHA and the Google Privacy Policy and Terms of Service apply. ClickUp is best experienced using our mobile app.Our web app has features so BIG, they won't fit on a small screen.Open in free mobile appContinue on web anywayClickUp is best experienced using our mobile app.Our web app has features so BIG, they won't fit on a small screen.Open in free mobile appContinue on web anyway \nE       Call log:\nE         - LocatorAssertions.to_contain_text with timeout 5000ms\nE         - waiting for locator(\"body\")\nE           4 × locator resolved to <body data-app-version=\"2\" data-build-version=\"3.82.0\" class=\"cu-os-win cu-purple\" data-build-time=\"2025-06-11T21:11:23.909Z\" data-git-sha=\"90b65bb06f076abab4e91bd4fde0fc50e65ef089\">…</body>\nE             - unexpected value \"Message supplied by app.component.tsRetry The everything app for work.  Don't have an account? Sign up Welcome back! or Work Email  Password  Forgot Password?  Log In or login with SSO Help  Don't have an account? Sign up This site is protected by reCAPTCHA and the Google Privacy Policy and Terms of Service apply. ClickUp is best experienced using our mobile app.Our web app has features so BIG, they won't fit on a small screen.Open in free mobile appContinue on web anywayClickUp is best experienced using our mobile app.Our web app has features so BIG, they won't fit on a small screen.Open in free mobile appContinue on web anyway\"\nE           3 × locator resolved to <body data-app-version=\"2\" data-build-version=\"3.82.0\" class=\"cu-os-win cu-purple dark-theme\" data-build-time=\"2025-06-11T21:11:23.909Z\" data-git-sha=\"90b65bb06f076abab4e91bd4fde0fc50e65ef089\">…</body>\nE             - unexpected value \"Message supplied by app.component.tsRetry The everything app for work.  Don't have an account? Sign up Welcome back! or Work Email  Password  Forgot Password?  Log In or login with SSO Help  Don't have an account? Sign up This site is protected by reCAPTCHA and the Google Privacy Policy and Terms of Service apply. ClickUp is best experienced using our mobile app.Our web app has features so BIG, they won't fit on a small screen.Open in free mobile appContinue on web anywayClickUp is best experienced using our mobile app.Our web app has features so BIG, they won't fit on a small screen.Open in free mobile appContinue on web anyway\"\n\n..\\..\\pages\\base_page.py:56: AssertionError"}, "description": "Логинимся с валидными данными → проверяем вход → затем пробуем невалидные данные → получаем ошибку", "steps": [{"name": "Setup: Открываем браузер и создаём страницу логина", "status": "passed", "start": 1749836883011, "stop": 1749836883011}, {"name": "Позитивный логин — входим с валидными данными", "status": "failed", "statusDetails": {"message": "AssertionError: Locator expected to contain text 'Workspace'\nActual value: Message supplied by app.component.tsRetry The everything app for work.  Don't have an account? Sign up Welcome back! or Work Email  Password  Forgot Password?  Log In or login with SSO Help  Don't have an account? Sign up This site is protected by reCAPTCHA and the Google Privacy Policy and Terms of Service apply. ClickUp is best experienced using our mobile app.Our web app has features so BIG, they won't fit on a small screen.Open in free mobile appContinue on web anywayClickUp is best experienced using our mobile app.Our web app has features so BIG, they won't fit on a small screen.Open in free mobile appContinue on web anyway \nCall log:\n  - LocatorAssertions.to_contain_text with timeout 5000ms\n  - waiting for locator(\"body\")\n    4 × locator resolved to <body data-app-version=\"2\" data-build-version=\"3.82.0\" class=\"cu-os-win cu-purple\" data-build-time=\"2025-06-11T21:11:23.909Z\" data-git-sha=\"90b65bb06f076abab4e91bd4fde0fc50e65ef089\">…</body>\n      - unexpected value \"Message supplied by app.component.tsRetry The everything app for work.  Don't have an account? Sign up Welcome back! or Work Email  Password  Forgot Password?  Log In or login with SSO Help  Don't have an account? Sign up This site is protected by reCAPTCHA and the Google Privacy Policy and Terms of Service apply. ClickUp is best experienced using our mobile app.Our web app has features so BIG, they won't fit on a small screen.Open in free mobile appContinue on web anywayClickUp is best experienced using our mobile app.Our web app has features so BIG, they won't fit on a small screen.Open in free mobile appContinue on web anyway\"\n    3 × locator resolved to <body data-app-version=\"2\" data-build-version=\"3.82.0\" class=\"cu-os-win cu-purple dark-theme\" data-build-time=\"2025-06-11T21:11:23.909Z\" data-git-sha=\"90b65bb06f076abab4e91bd4fde0fc50e65ef089\">…</body>\n      - unexpected value \"Message supplied by app.component.tsRetry The everything app for work.  Don't have an account? Sign up Welcome back! or Work Email  Password  Forgot Password?  Log In or login with SSO Help  Don't have an account? Sign up This site is protected by reCAPTCHA and the Google Privacy Policy and Terms of Service apply. ClickUp is best experienced using our mobile app.Our web app has features so BIG, they won't fit on a small screen.Open in free mobile appContinue on web anywayClickUp is best experienced using our mobile app.Our web app has features so BIG, they won't fit on a small screen.Open in free mobile appContinue on web anyway\"\n\n", "trace": "  File \"C:\\Users\\A\\PycharmProjects\\Project_Сlickup_tests\\clickup_tests\\tests\\ui\\test_login_page.py\", line 15, in test_authorization_flow\n    login_page.login()\n  File \"C:\\Users\\A\\PycharmProjects\\Project_Сlickup_tests\\clickup_tests\\venv\\lib\\site-packages\\allure_commons\\_allure.py\", line 202, in impl\n    return func(*a, **kw)\n  File \"C:\\Users\\A\\PycharmProjects\\Project_Сlickup_tests\\clickup_tests\\pages\\login_page.py\", line 23, in login\n    self.assert_text_present_on_page(\"Workspace\")  # или Products, или что видно после входа\n  File \"C:\\Users\\A\\PycharmProjects\\Project_Сlickup_tests\\clickup_tests\\venv\\lib\\site-packages\\allure_commons\\_allure.py\", line 202, in impl\n    return func(*a, **kw)\n  File \"C:\\Users\\A\\PycharmProjects\\Project_Сlickup_tests\\clickup_tests\\pages\\base_page.py\", line 56, in assert_text_present_on_page\n    expect(self.page.locator(\"body\")).to_contain_text(text)\n  File \"C:\\Users\\A\\PycharmProjects\\Project_Сlickup_tests\\clickup_tests\\venv\\lib\\site-packages\\playwright\\sync_api\\_generated.py\", line 19155, in to_contain_text\n    self._sync(\n  File \"C:\\Users\\A\\PycharmProjects\\Project_Сlickup_tests\\clickup_tests\\venv\\lib\\site-packages\\playwright\\_impl\\_sync_base.py\", line 115, in _sync\n    return task.result()\n  File \"C:\\Users\\A\\PycharmProjects\\Project_Сlickup_tests\\clickup_tests\\venv\\lib\\site-packages\\playwright\\_impl\\_assertions.py\", line 201, in to_contain_text\n    await self._expect_impl(\n  File \"C:\\Users\\A\\PycharmProjects\\Project_Сlickup_tests\\clickup_tests\\venv\\lib\\site-packages\\playwright\\_impl\\_assertions.py\", line 74, in _expect_impl\n    raise AssertionError(\n"}, "steps": [{"name": "Авторизуемся с валидными данными", "status": "failed", "statusDetails": {"message": "AssertionError: Locator expected to contain text 'Workspace'\nActual value: Message supplied by app.component.tsRetry The everything app for work.  Don't have an account? Sign up Welcome back! or Work Email  Password  Forgot Password?  Log In or login with SSO Help  Don't have an account? Sign up This site is protected by reCAPTCHA and the Google Privacy Policy and Terms of Service apply. ClickUp is best experienced using our mobile app.Our web app has features so BIG, they won't fit on a small screen.Open in free mobile appContinue on web anywayClickUp is best experienced using our mobile app.Our web app has features so BIG, they won't fit on a small screen.Open in free mobile appContinue on web anyway \nCall log:\n  - LocatorAssertions.to_contain_text with timeout 5000ms\n  - waiting for locator(\"body\")\n    4 × locator resolved to <body data-app-version=\"2\" data-build-version=\"3.82.0\" class=\"cu-os-win cu-purple\" data-build-time=\"2025-06-11T21:11:23.909Z\" data-git-sha=\"90b65bb06f076abab4e91bd4fde0fc50e65ef089\">…</body>\n      - unexpected value \"Message supplied by app.component.tsRetry The everything app for work.  Don't have an account? Sign up Welcome back! or Work Email  Password  Forgot Password?  Log In or login with SSO Help  Don't have an account? Sign up This site is protected by reCAPTCHA and the Google Privacy Policy and Terms of Service apply. ClickUp is best experienced using our mobile app.Our web app has features so BIG, they won't fit on a small screen.Open in free mobile appContinue on web anywayClickUp is best experienced using our mobile app.Our web app has features so BIG, they won't fit on a small screen.Open in free mobile appContinue on web anyway\"\n    3 × locator resolved to <body data-app-version=\"2\" data-build-version=\"3.82.0\" class=\"cu-os-win cu-purple dark-theme\" data-build-time=\"2025-06-11T21:11:23.909Z\" data-git-sha=\"90b65bb06f076abab4e91bd4fde0fc50e65ef089\">…</body>\n      - unexpected value \"Message supplied by app.component.tsRetry The everything app for work.  Don't have an account? Sign up Welcome back! or Work Email  Password  Forgot Password?  Log In or login with SSO Help  Don't have an account? Sign up This site is protected by reCAPTCHA and the Google Privacy Policy and Terms of Service apply. ClickUp is best experienced using our mobile app.Our web app has features so BIG, they won't fit on a small screen.Open in free mobile appContinue on web anywayClickUp is best experienced using our mobile app.Our web app has features so BIG, they won't fit on a small screen.Open in free mobile appContinue on web anyway\"\n\n", "trace": "  File \"C:\\Users\\A\\PycharmProjects\\Project_Сlickup_tests\\clickup_tests\\venv\\lib\\site-packages\\allure_commons\\_allure.py\", line 202, in impl\n    return func(*a, **kw)\n  File \"C:\\Users\\A\\PycharmProjects\\Project_Сlickup_tests\\clickup_tests\\pages\\login_page.py\", line 23, in login\n    self.assert_text_present_on_page(\"Workspace\")  # или Products, или что видно после входа\n  File \"C:\\Users\\A\\PycharmProjects\\Project_Сlickup_tests\\clickup_tests\\venv\\lib\\site-packages\\allure_commons\\_allure.py\", line 202, in impl\n    return func(*a, **kw)\n  File \"C:\\Users\\A\\PycharmProjects\\Project_Сlickup_tests\\clickup_tests\\pages\\base_page.py\", line 56, in assert_text_present_on_page\n    expect(self.page.locator(\"body\")).to_contain_text(text)\n  File \"C:\\Users\\A\\PycharmProjects\\Project_Сlickup_tests\\clickup_tests\\venv\\lib\\site-packages\\playwright\\sync_api\\_generated.py\", line 19155, in to_contain_text\n    self._sync(\n  File \"C:\\Users\\A\\PycharmProjects\\Project_Сlickup_tests\\clickup_tests\\venv\\lib\\site-packages\\playwright\\_impl\\_sync_base.py\", line 115, in _sync\n    return task.result()\n  File \"C:\\Users\\A\\PycharmProjects\\Project_Сlickup_tests\\clickup_tests\\venv\\lib\\site-packages\\playwright\\_impl\\_assertions.py\", line 201, in to_contain_text\n    await self._expect_impl(\n  File \"C:\\Users\\A\\PycharmProjects\\Project_Сlickup_tests\\clickup_tests\\venv\\lib\\site-packages\\playwright\\_impl\\_assertions.py\", line 74, in _expect_impl\n    raise AssertionError(\n"}, "steps": [{"name": "Переход по адресу BASE_URL + endpoint", "status": "passed", "steps": [{"name": "Формируем полный URL из BASE и endpoint", "status": "passed", "start": 1749836883012, "stop": 1749836883012}], "start": 1749836883011, "stop": 1749836897009}, {"name": "Ждем селектор и печатаем значением", "status": "passed", "parameters": [{"name": "selector", "value": "'#login-email-input'"}, {"name": "text", "value": "'mm3939339@gmail.com'"}, {"name": "delay", "value": "100"}], "start": 1749836897009, "stop": 1749836899250}, {"name": "Ждем селектор и печатаем значением", "status": "passed", "parameters": [{"name": "selector", "value": "'#login-password-input'"}, {"name": "text", "value": "'123456789101112clickUp@!'"}, {"name": "delay", "value": "100"}], "start": 1749836899250, "stop": 1749836902042}, {"name": "Ждём, пока элемент станет видимым и кликаем принудительно (force=True)", "status": "passed", "parameters": [{"name": "selector", "value": "'button[type='submit']:has-text('Log in')'"}], "start": 1749836902042, "stop": 1749836902304}, {"name": "Проверка: текст присутствует на странице в body", "status": "failed", "statusDetails": {"message": "AssertionError: Locator expected to contain text 'Workspace'\nActual value: Message supplied by app.component.tsRetry The everything app for work.  Don't have an account? Sign up Welcome back! or Work Email  Password  Forgot Password?  Log In or login with SSO Help  Don't have an account? Sign up This site is protected by reCAPTCHA and the Google Privacy Policy and Terms of Service apply. ClickUp is best experienced using our mobile app.Our web app has features so BIG, they won't fit on a small screen.Open in free mobile appContinue on web anywayClickUp is best experienced using our mobile app.Our web app has features so BIG, they won't fit on a small screen.Open in free mobile appContinue on web anyway \nCall log:\n  - LocatorAssertions.to_contain_text with timeout 5000ms\n  - waiting for locator(\"body\")\n    4 × locator resolved to <body data-app-version=\"2\" data-build-version=\"3.82.0\" class=\"cu-os-win cu-purple\" data-build-time=\"2025-06-11T21:11:23.909Z\" data-git-sha=\"90b65bb06f076abab4e91bd4fde0fc50e65ef089\">…</body>\n      - unexpected value \"Message supplied by app.component.tsRetry The everything app for work.  Don't have an account? Sign up Welcome back! or Work Email  Password  Forgot Password?  Log In or login with SSO Help  Don't have an account? Sign up This site is protected by reCAPTCHA and the Google Privacy Policy and Terms of Service apply. ClickUp is best experienced using our mobile app.Our web app has features so BIG, they won't fit on a small screen.Open in free mobile appContinue on web anywayClickUp is best experienced using our mobile app.Our web app has features so BIG, they won't fit on a small screen.Open in free mobile appContinue on web anyway\"\n    3 × locator resolved to <body data-app-version=\"2\" data-build-version=\"3.82.0\" class=\"cu-os-win cu-purple dark-theme\" data-build-time=\"2025-06-11T21:11:23.909Z\" data-git-sha=\"90b65bb06f076abab4e91bd4fde0fc50e65ef089\">…</body>\n      - unexpected value \"Message supplied by app.component.tsRetry The everything app for work.  Don't have an account? Sign up Welcome back! or Work Email  Password  Forgot Password?  Log In or login with SSO Help  Don't have an account? Sign up This site is protected by reCAPTCHA and the Google Privacy Policy and Terms of Service apply. ClickUp is best experienced using our mobile app.Our web app has features so BIG, they won't fit on a small screen.Open in free mobile appContinue on web anywayClickUp is best experienced using our mobile app.Our web app has features so BIG, they won't fit on a small screen.Open in free mobile appContinue on web anyway\"\n\n", "trace": "  File \"C:\\Users\\A\\PycharmProjects\\Project_Сlickup_tests\\clickup_tests\\venv\\lib\\site-packages\\allure_commons\\_allure.py\", line 202, in impl\n    return func(*a, **kw)\n  File \"C:\\Users\\A\\PycharmProjects\\Project_Сlickup_tests\\clickup_tests\\pages\\base_page.py\", line 56, in assert_text_present_on_page\n    expect(self.page.locator(\"body\")).to_contain_text(text)\n  File \"C:\\Users\\A\\PycharmProjects\\Project_Сlickup_tests\\clickup_tests\\venv\\lib\\site-packages\\playwright\\sync_api\\_generated.py\", line 19155, in to_contain_text\n    self._sync(\n  File \"C:\\Users\\A\\PycharmProjects\\Project_Сlickup_tests\\clickup_tests\\venv\\lib\\site-packages\\playwright\\_impl\\_sync_base.py\", line 115, in _sync\n    return task.result()\n  File \"C:\\Users\\A\\PycharmProjects\\Project_Сlickup_tests\\clickup_tests\\venv\\lib\\site-packages\\playwright\\_impl\\_assertions.py\", line 201, in to_contain_text\n    await self._expect_impl(\n  File \"C:\\Users\\A\\PycharmProjects\\Project_Сlickup_tests\\clickup_tests\\venv\\lib\\site-packages\\playwright\\_impl\\_assertions.py\", line 74, in _expect_impl\n    raise AssertionError(\n"}, "parameters": [{"name": "text", "value": "'Workspace'"}], "start": 1749836902304, "stop": 1749836907343}], "start": 1749836883011, "stop": 1749836907344}], "start": 1749836883011, "stop": 1749836907345}], "start": 1749836883011, "stop": 1749836907346, "uuid": "3a010d78-5e36-49c1-915a-961167da02ee", "historyId": "a81c7d3605773b89f40d444241d92283", "testCaseId": "a81c7d3605773b89f40d444241d92283", "fullName": "tests.ui.test_login_page#test_authorization_flow", "labels": [{"name": "feature", "value": "UI: Авторизация"}, {"name": "parentSuite", "value": "tests.ui"}, {"name": "suite", "value": "test_login_page"}, {"name": "host", "value": "A1"}, {"name": "thread", "value": "19732-MainThread"}, {"name": "framework", "value": "pytest"}, {"name": "language", "value": "cpython3"}, {"name": "package", "value": "tests.ui.test_login_page"}]}